[master 1156a02] Auto Commit
 1 file changed, 26 deletions(-)
To https://github.com/mjh2901/mikehathaway.com.git
   742f8a0..1156a02  master -> master
🚀 Changes committed and pushed.
autocommit.sh ran Tue Sep  2 17:45:01 PDT 2025
[master 50041b5] Auto Commit
 1 file changed, 6 insertions(+)
To https://github.com/mjh2901/mikehathaway.com.git
   1156a02..50041b5  master -> master
🚀 Changes committed and pushed.
autocommit.sh ran Tue Sep  2 18:00:02 PDT 2025
[master f17a2ce] Auto Commit
 1 file changed, 6 insertions(+)
To https://github.com/mjh2901/mikehathaway.com.git
   50041b5..f17a2ce  master -> master
🚀 Changes committed and pushed.
autocommit.sh ran Tue Sep  2 18:15:01 PDT 2025
[master a707b19] Auto Commit
 1 file changed, 6 insertions(+)
To https://github.com/mjh2901/mikehathaway.com.git
   f17a2ce..a707b19  master -> master
🚀 Changes committed and pushed.
autocommit.sh ran Tue Sep  2 18:30:02 PDT 2025
[master d396265] Auto Commit
 1 file changed, 6 insertions(+)
To https://github.com/mjh2901/mikehathaway.com.git
   a707b19..d396265  master -> master
🚀 Changes committed and pushed.
autocommit.sh ran Tue Sep  2 18:45:01 PDT 2025
[master f059e02] Auto Commit
 1 file changed, 6 insertions(+)
To https://github.com/mjh2901/mikehathaway.com.git
   d396265..f059e02  master -> master
🚀 Changes committed and pushed.
autocommit.sh ran Tue Sep  2 19:00:02 PDT 2025
[master c00dca9] Auto Commit
 1 file changed, 6 insertions(+)
To https://github.com/mjh2901/mikehathaway.com.git
   f059e02..c00dca9  master -> master
🚀 Changes committed and pushed.
autocommit.sh ran Tue Sep  2 19:15:01 PDT 2025
[master f7ec5c3] Auto Commit
 1 file changed, 6 insertions(+)
To https://github.com/mjh2901/mikehathaway.com.git
   c00dca9..f7ec5c3  master -> master
🚀 Changes committed and pushed.
autocommit.sh ran Tue Sep  2 19:30:02 PDT 2025
[master 42cb268] Auto Commit
 1 file changed, 6 insertions(+)
To https://github.com/mjh2901/mikehathaway.com.git
   f7ec5c3..42cb268  master -> master
🚀 Changes committed and pushed.
autocommit.sh ran Tue Sep  2 19:45:01 PDT 2025
[master cfcb507] Auto Commit
 1 file changed, 6 insertions(+)
To https://github.com/mjh2901/mikehathaway.com.git
   42cb268..cfcb507  master -> master
🚀 Changes committed and pushed.
autocommit.sh ran Tue Sep  2 20:00:02 PDT 2025
[master 1737ad1] Auto Commit
 1 file changed, 6 insertions(+)
To https://github.com/mjh2901/mikehathaway.com.git
   cfcb507..1737ad1  master -> master
🚀 Changes committed and pushed.
autocommit.sh ran Tue Sep  2 20:15:01 PDT 2025
[master 331ebda] Auto Commit
 1 file changed, 6 insertions(+)
To https://github.com/mjh2901/mikehathaway.com.git
   1737ad1..331ebda  master -> master
🚀 Changes committed and pushed.
autocommit.sh ran Tue Sep  2 20:30:02 PDT 2025
[master 9102476] Auto Commit
 1 file changed, 6 insertions(+)
To https://github.com/mjh2901/mikehathaway.com.git
   331ebda..9102476  master -> master
🚀 Changes committed and pushed.
autocommit.sh ran Tue Sep  2 20:45:02 PDT 2025
[master 9c2ec82] Auto Commit
 1 file changed, 6 insertions(+)
To https://github.com/mjh2901/mikehathaway.com.git
   9102476..9c2ec82  master -> master
🚀 Changes committed and pushed.
autocommit.sh ran Tue Sep  2 21:00:02 PDT 2025
[master 4925684] Auto Commit
 1 file changed, 6 insertions(+)
To https://github.com/mjh2901/mikehathaway.com.git
   9c2ec82..4925684  master -> master
🚀 Changes committed and pushed.
autocommit.sh ran Tue Sep  2 21:15:01 PDT 2025
[master ecc1231] Auto Commit
 1 file changed, 6 insertions(+)
To https://github.com/mjh2901/mikehathaway.com.git
   4925684..ecc1231  master -> master
🚀 Changes committed and pushed.
autocommit.sh ran Tue Sep  2 21:30:02 PDT 2025
[master 43b8dde] Auto Commit
 1 file changed, 6 insertions(+)
To https://github.com/mjh2901/mikehathaway.com.git
   ecc1231..43b8dde  master -> master
🚀 Changes committed and pushed.
autocommit.sh ran Tue Sep  2 21:45:02 PDT 2025
[master df34a42] Auto Commit
 1 file changed, 6 insertions(+)
To https://github.com/mjh2901/mikehathaway.com.git
   43b8dde..df34a42  master -> master
🚀 Changes committed and pushed.
autocommit.sh ran Tue Sep  2 22:00:01 PDT 2025
[master 505c5fb] Auto Commit
 1 file changed, 6 insertions(+)
To https://github.com/mjh2901/mikehathaway.com.git
   df34a42..505c5fb  master -> master
🚀 Changes committed and pushed.
autocommit.sh ran Tue Sep  2 22:15:02 PDT 2025
[master a1013e3] Auto Commit
 1 file changed, 6 insertions(+)
To https://github.com/mjh2901/mikehathaway.com.git
   505c5fb..a1013e3  master -> master
🚀 Changes committed and pushed.
autocommit.sh ran Tue Sep  2 22:30:01 PDT 2025
[master 91bea74] Auto Commit
 1 file changed, 6 insertions(+)
To https://github.com/mjh2901/mikehathaway.com.git
   a1013e3..91bea74  master -> master
🚀 Changes committed and pushed.
autocommit.sh ran Tue Sep  2 22:45:02 PDT 2025
[master 329625d] Auto Commit
 1 file changed, 6 insertions(+)
To https://github.com/mjh2901/mikehathaway.com.git
   91bea74..329625d  master -> master
🚀 Changes committed and pushed.
autocommit.sh ran Tue Sep  2 23:00:03 PDT 2025
[master d09ff05] Auto Commit
 1 file changed, 6 insertions(+)
To https://github.com/mjh2901/mikehathaway.com.git
   329625d..d09ff05  master -> master
🚀 Changes committed and pushed.
autocommit.sh ran Tue Sep  2 23:15:02 PDT 2025
[master fb20887] Auto Commit
 1 file changed, 6 insertions(+)
To https://github.com/mjh2901/mikehathaway.com.git
   d09ff05..fb20887  master -> master
🚀 Changes committed and pushed.
autocommit.sh ran Tue Sep  2 23:30:01 PDT 2025
[master 3bad2f9] Auto Commit
 1 file changed, 6 insertions(+)
To https://github.com/mjh2901/mikehathaway.com.git
   fb20887..3bad2f9  master -> master
🚀 Changes committed and pushed.
autocommit.sh ran Tue Sep  2 23:45:02 PDT 2025
[master f83f981] Auto Commit
 1 file changed, 6 insertions(+)
To https://github.com/mjh2901/mikehathaway.com.git
   3bad2f9..f83f981  master -> master
🚀 Changes committed and pushed.
autocommit.sh ran Wed Sep  3 00:00:02 PDT 2025
[master d51e5dc] Auto Commit
 1 file changed, 6 insertions(+)
To https://github.com/mjh2901/mikehathaway.com.git
   f83f981..d51e5dc  master -> master
🚀 Changes committed and pushed.
autocommit.sh ran Wed Sep  3 00:15:01 PDT 2025
[master ae9e999] Auto Commit
 1 file changed, 6 insertions(+)
To https://github.com/mjh2901/mikehathaway.com.git
   d51e5dc..ae9e999  master -> master
🚀 Changes committed and pushed.
autocommit.sh ran Wed Sep  3 00:30:02 PDT 2025
[master 3b167a5] Auto Commit
 1 file changed, 6 insertions(+)
To https://github.com/mjh2901/mikehathaway.com.git
   ae9e999..3b167a5  master -> master
🚀 Changes committed and pushed.
autocommit.sh ran Wed Sep  3 00:45:01 PDT 2025
[master db7ee2a] Auto Commit
 1 file changed, 6 insertions(+)
To https://github.com/mjh2901/mikehathaway.com.git
   3b167a5..db7ee2a  master -> master
🚀 Changes committed and pushed.
autocommit.sh ran Wed Sep  3 01:00:06 PDT 2025
[master 8c7fd26] Auto Commit
 1 file changed, 6 insertions(+)
To https://github.com/mjh2901/mikehathaway.com.git
   db7ee2a..8c7fd26  master -> master
🚀 Changes committed and pushed.
autocommit.sh ran Wed Sep  3 01:15:02 PDT 2025
[master 1f36b22] Auto Commit
 1 file changed, 6 insertions(+)
To https://github.com/mjh2901/mikehathaway.com.git
   8c7fd26..1f36b22  master -> master
🚀 Changes committed and pushed.
autocommit.sh ran Wed Sep  3 01:30:02 PDT 2025
[master c07e520] Auto Commit
 1 file changed, 6 insertions(+)
To https://github.com/mjh2901/mikehathaway.com.git
   1f36b22..c07e520  master -> master
🚀 Changes committed and pushed.
autocommit.sh ran Wed Sep  3 01:45:01 PDT 2025
[master 1eb3a1e] Auto Commit
 1 file changed, 6 insertions(+)
To https://github.com/mjh2901/mikehathaway.com.git
   c07e520..1eb3a1e  master -> master
🚀 Changes committed and pushed.
autocommit.sh ran Wed Sep  3 02:00:02 PDT 2025
[master c37e703] Auto Commit
 1 file changed, 6 insertions(+)
To https://github.com/mjh2901/mikehathaway.com.git
   1eb3a1e..c37e703  master -> master
🚀 Changes committed and pushed.
autocommit.sh ran Wed Sep  3 02:15:02 PDT 2025
[master 20f55bf] Auto Commit
 1 file changed, 6 insertions(+)
To https://github.com/mjh2901/mikehathaway.com.git
   c37e703..20f55bf  master -> master
🚀 Changes committed and pushed.
autocommit.sh ran Wed Sep  3 02:30:01 PDT 2025
[master 52ab370] Auto Commit
 1 file changed, 6 insertions(+)
To https://github.com/mjh2901/mikehathaway.com.git
   20f55bf..52ab370  master -> master
🚀 Changes committed and pushed.
autocommit.sh ran Wed Sep  3 02:45:01 PDT 2025
[master df4f754] Auto Commit
 1 file changed, 6 insertions(+)
To https://github.com/mjh2901/mikehathaway.com.git
   52ab370..df4f754  master -> master
🚀 Changes committed and pushed.
autocommit.sh ran Wed Sep  3 03:00:03 PDT 2025
[master 7e2d664] Auto Commit
 1 file changed, 6 insertions(+)
To https://github.com/mjh2901/mikehathaway.com.git
   df4f754..7e2d664  master -> master
🚀 Changes committed and pushed.
autocommit.sh ran Wed Sep  3 03:15:02 PDT 2025
[master 251093a] Auto Commit
 1 file changed, 6 insertions(+)
To https://github.com/mjh2901/mikehathaway.com.git
   7e2d664..251093a  master -> master
🚀 Changes committed and pushed.
autocommit.sh ran Wed Sep  3 03:30:01 PDT 2025
[master 395054f] Auto Commit
 1 file changed, 6 insertions(+)
To https://github.com/mjh2901/mikehathaway.com.git
   251093a..395054f  master -> master
🚀 Changes committed and pushed.
autocommit.sh ran Wed Sep  3 03:45:01 PDT 2025
[master 5f1f3d5] Auto Commit
 1 file changed, 6 insertions(+)
To https://github.com/mjh2901/mikehathaway.com.git
   395054f..5f1f3d5  master -> master
🚀 Changes committed and pushed.
autocommit.sh ran Wed Sep  3 04:00:03 PDT 2025
[master 0b382af] Auto Commit
 1 file changed, 6 insertions(+)
To https://github.com/mjh2901/mikehathaway.com.git
   5f1f3d5..0b382af  master -> master
🚀 Changes committed and pushed.
autocommit.sh ran Wed Sep  3 04:15:01 PDT 2025
[master 29b1bb6] Auto Commit
 1 file changed, 6 insertions(+)
To https://github.com/mjh2901/mikehathaway.com.git
   0b382af..29b1bb6  master -> master
🚀 Changes committed and pushed.
autocommit.sh ran Wed Sep  3 04:30:01 PDT 2025
[master 76d3cc2] Auto Commit
 1 file changed, 6 insertions(+)
To https://github.com/mjh2901/mikehathaway.com.git
   29b1bb6..76d3cc2  master -> master
🚀 Changes committed and pushed.
autocommit.sh ran Wed Sep  3 04:45:02 PDT 2025
[master fc6ae78] Auto Commit
 1 file changed, 6 insertions(+)
To https://github.com/mjh2901/mikehathaway.com.git
   76d3cc2..fc6ae78  master -> master
🚀 Changes committed and pushed.
autocommit.sh ran Wed Sep  3 05:00:05 PDT 2025
[master 9d55a83] Auto Commit
 1 file changed, 6 insertions(+)
To https://github.com/mjh2901/mikehathaway.com.git
   fc6ae78..9d55a83  master -> master
🚀 Changes committed and pushed.
autocommit.sh ran Wed Sep  3 05:15:01 PDT 2025
[master a689841] Auto Commit
 1 file changed, 6 insertions(+)
To https://github.com/mjh2901/mikehathaway.com.git
   9d55a83..a689841  master -> master
🚀 Changes committed and pushed.
autocommit.sh ran Wed Sep  3 05:30:02 PDT 2025
[master 6847fdf] Auto Commit
 1 file changed, 6 insertions(+)
To https://github.com/mjh2901/mikehathaway.com.git
   a689841..6847fdf  master -> master
🚀 Changes committed and pushed.
autocommit.sh ran Wed Sep  3 05:45:01 PDT 2025
[master ec2f43e] Auto Commit
 1 file changed, 6 insertions(+)
To https://github.com/mjh2901/mikehathaway.com.git
   6847fdf..ec2f43e  master -> master
🚀 Changes committed and pushed.
autocommit.sh ran Wed Sep  3 06:00:03 PDT 2025
[master 5c5a0a3] Auto Commit
 1 file changed, 6 insertions(+)
To https://github.com/mjh2901/mikehathaway.com.git
   ec2f43e..5c5a0a3  master -> master
🚀 Changes committed and pushed.
autocommit.sh ran Wed Sep  3 06:15:02 PDT 2025
[master 35d242a] Auto Commit
 1 file changed, 6 insertions(+)
To https://github.com/mjh2901/mikehathaway.com.git
   5c5a0a3..35d242a  master -> master
🚀 Changes committed and pushed.
autocommit.sh ran Wed Sep  3 06:30:02 PDT 2025
[master 87b34d7] Auto Commit
 1 file changed, 6 insertions(+)
To https://github.com/mjh2901/mikehathaway.com.git
   35d242a..87b34d7  master -> master
🚀 Changes committed and pushed.
autocommit.sh ran Wed Sep  3 06:45:01 PDT 2025
[master 47803ea] Auto Commit
 1 file changed, 6 insertions(+)
To https://github.com/mjh2901/mikehathaway.com.git
   87b34d7..47803ea  master -> master
🚀 Changes committed and pushed.
autocommit.sh ran Wed Sep  3 07:00:05 PDT 2025
[master 34e5184] Auto Commit
 1 file changed, 6 insertions(+)
To https://github.com/mjh2901/mikehathaway.com.git
   47803ea..34e5184  master -> master
🚀 Changes committed and pushed.
autocommit.sh ran Wed Sep  3 07:15:01 PDT 2025
[master 8b7906f] Auto Commit
 1 file changed, 6 insertions(+)
To https://github.com/mjh2901/mikehathaway.com.git
   34e5184..8b7906f  master -> master
🚀 Changes committed and pushed.
autocommit.sh ran Wed Sep  3 07:30:02 PDT 2025
[master b9b170f] Auto Commit
 1 file changed, 6 insertions(+)
To https://github.com/mjh2901/mikehathaway.com.git
   8b7906f..b9b170f  master -> master
🚀 Changes committed and pushed.
autocommit.sh ran Wed Sep  3 07:45:02 PDT 2025
[master 5f29058] Auto Commit
 1 file changed, 6 insertions(+)
To https://github.com/mjh2901/mikehathaway.com.git
   b9b170f..5f29058  master -> master
🚀 Changes committed and pushed.
autocommit.sh ran Wed Sep  3 08:00:01 PDT 2025
[master 6259b3b] Auto Commit
 1 file changed, 6 insertions(+)
To https://github.com/mjh2901/mikehathaway.com.git
   5f29058..6259b3b  master -> master
🚀 Changes committed and pushed.
autocommit.sh ran Wed Sep  3 08:15:02 PDT 2025
[master 4ba1d33] Auto Commit
 1 file changed, 6 insertions(+)
To https://github.com/mjh2901/mikehathaway.com.git
   6259b3b..4ba1d33  master -> master
🚀 Changes committed and pushed.
autocommit.sh ran Wed Sep  3 08:30:01 PDT 2025
[master 69ed388] Auto Commit
 1 file changed, 6 insertions(+)
To https://github.com/mjh2901/mikehathaway.com.git
   4ba1d33..69ed388  master -> master
🚀 Changes committed and pushed.
autocommit.sh ran Wed Sep  3 08:45:02 PDT 2025
[master d931a6e] Auto Commit
 1 file changed, 6 insertions(+)
To https://github.com/mjh2901/mikehathaway.com.git
   69ed388..d931a6e  master -> master
🚀 Changes committed and pushed.
autocommit.sh ran Wed Sep  3 09:00:03 PDT 2025
[master 8aff718] Auto Commit
 1 file changed, 6 insertions(+)
To https://github.com/mjh2901/mikehathaway.com.git
   d931a6e..8aff718  master -> master
🚀 Changes committed and pushed.
autocommit.sh ran Wed Sep  3 09:15:01 PDT 2025
[master 93bd2fc] Auto Commit
 1 file changed, 6 insertions(+)
To https://github.com/mjh2901/mikehathaway.com.git
   8aff718..93bd2fc  master -> master
🚀 Changes committed and pushed.
autocommit.sh ran Wed Sep  3 09:30:02 PDT 2025
[master 243718f] Auto Commit
 1 file changed, 6 insertions(+)
To https://github.com/mjh2901/mikehathaway.com.git
   93bd2fc..243718f  master -> master
🚀 Changes committed and pushed.
autocommit.sh ran Wed Sep  3 09:45:01 PDT 2025
[master 16a2757] Auto Commit
 1 file changed, 6 insertions(+)
To https://github.com/mjh2901/mikehathaway.com.git
   243718f..16a2757  master -> master
🚀 Changes committed and pushed.
autocommit.sh ran Wed Sep  3 10:00:02 PDT 2025
[master 5af9e5f] Auto Commit
 1 file changed, 6 insertions(+)
To https://github.com/mjh2901/mikehathaway.com.git
   16a2757..5af9e5f  master -> master
🚀 Changes committed and pushed.
autocommit.sh ran Wed Sep  3 10:15:02 PDT 2025
[master b5792ec] Auto Commit
 1 file changed, 6 insertions(+)
To https://github.com/mjh2901/mikehathaway.com.git
   5af9e5f..b5792ec  master -> master
🚀 Changes committed and pushed.
autocommit.sh ran Wed Sep  3 10:30:02 PDT 2025
[master a2e45d6] Auto Commit
 1 file changed, 6 insertions(+)
To https://github.com/mjh2901/mikehathaway.com.git
   b5792ec..a2e45d6  master -> master
🚀 Changes committed and pushed.
autocommit.sh ran Wed Sep  3 10:45:02 PDT 2025
[master b73ef68] Auto Commit
 1 file changed, 6 insertions(+)
To https://github.com/mjh2901/mikehathaway.com.git
   a2e45d6..b73ef68  master -> master
🚀 Changes committed and pushed.
autocommit.sh ran Wed Sep  3 11:00:02 PDT 2025
[master 058685c] Auto Commit
 1 file changed, 6 insertions(+)
To https://github.com/mjh2901/mikehathaway.com.git
   b73ef68..058685c  master -> master
🚀 Changes committed and pushed.
autocommit.sh ran Wed Sep  3 11:15:01 PDT 2025
[master b54b2a5] Auto Commit
 1 file changed, 6 insertions(+)
To https://github.com/mjh2901/mikehathaway.com.git
   058685c..b54b2a5  master -> master
🚀 Changes committed and pushed.
autocommit.sh ran Wed Sep  3 11:30:03 PDT 2025
[master 9a52241] Auto Commit
 1 file changed, 6 insertions(+)
To https://github.com/mjh2901/mikehathaway.com.git
   b54b2a5..9a52241  master -> master
🚀 Changes committed and pushed.
autocommit.sh ran Wed Sep  3 11:45:01 PDT 2025
[master f2648f9] Auto Commit
 1 file changed, 6 insertions(+)
To https://github.com/mjh2901/mikehathaway.com.git
   9a52241..f2648f9  master -> master
🚀 Changes committed and pushed.
autocommit.sh ran Wed Sep  3 12:00:01 PDT 2025
[master 485107d] Auto Commit
 1 file changed, 6 insertions(+)
To https://github.com/mjh2901/mikehathaway.com.git
   f2648f9..485107d  master -> master
🚀 Changes committed and pushed.
autocommit.sh ran Wed Sep  3 12:15:02 PDT 2025
[master a6c6b71] Auto Commit
 1 file changed, 6 insertions(+)
To https://github.com/mjh2901/mikehathaway.com.git
   485107d..a6c6b71  master -> master
🚀 Changes committed and pushed.
autocommit.sh ran Wed Sep  3 12:30:01 PDT 2025
[master 525b2ac] Auto Commit
 1 file changed, 6 insertions(+)
To https://github.com/mjh2901/mikehathaway.com.git
   a6c6b71..525b2ac  master -> master
🚀 Changes committed and pushed.
autocommit.sh ran Wed Sep  3 12:45:02 PDT 2025
[master a1645de] Auto Commit
 1 file changed, 6 insertions(+)
To https://github.com/mjh2901/mikehathaway.com.git
   525b2ac..a1645de  master -> master
🚀 Changes committed and pushed.
autocommit.sh ran Wed Sep  3 13:00:02 PDT 2025
[master 11c3e31] Auto Commit
 1 file changed, 6 insertions(+)
To https://github.com/mjh2901/mikehathaway.com.git
   a1645de..11c3e31  master -> master
🚀 Changes committed and pushed.
autocommit.sh ran Wed Sep  3 13:15:01 PDT 2025
[master 82df06c] Auto Commit
 1 file changed, 6 insertions(+)
To https://github.com/mjh2901/mikehathaway.com.git
   11c3e31..82df06c  master -> master
🚀 Changes committed and pushed.
autocommit.sh ran Wed Sep  3 13:30:02 PDT 2025
[master 60656c7] Auto Commit
 1 file changed, 6 insertions(+)
To https://github.com/mjh2901/mikehathaway.com.git
   82df06c..60656c7  master -> master
🚀 Changes committed and pushed.
autocommit.sh ran Wed Sep  3 13:45:02 PDT 2025
[master c9fbc41] Auto Commit
 1 file changed, 6 insertions(+)
To https://github.com/mjh2901/mikehathaway.com.git
   60656c7..c9fbc41  master -> master
🚀 Changes committed and pushed.
autocommit.sh ran Wed Sep  3 14:00:01 PDT 2025
[master 914e889] Auto Commit
 1 file changed, 6 insertions(+)
To https://github.com/mjh2901/mikehathaway.com.git
   c9fbc41..914e889  master -> master
🚀 Changes committed and pushed.
autocommit.sh ran Wed Sep  3 14:15:01 PDT 2025
[master b13f006] Auto Commit
 1 file changed, 6 insertions(+)
To https://github.com/mjh2901/mikehathaway.com.git
   914e889..b13f006  master -> master
🚀 Changes committed and pushed.
autocommit.sh ran Wed Sep  3 14:30:02 PDT 2025
[master cda4320] Auto Commit
 1 file changed, 6 insertions(+)
To https://github.com/mjh2901/mikehathaway.com.git
   b13f006..cda4320  master -> master
🚀 Changes committed and pushed.
autocommit.sh ran Wed Sep  3 14:45:02 PDT 2025
[master b2d4e1b] Auto Commit
 1 file changed, 6 insertions(+)
To https://github.com/mjh2901/mikehathaway.com.git
   cda4320..b2d4e1b  master -> master
🚀 Changes committed and pushed.
autocommit.sh ran Wed Sep  3 15:00:01 PDT 2025
[master 1e23640] Auto Commit
 1 file changed, 6 insertions(+)
To https://github.com/mjh2901/mikehathaway.com.git
   b2d4e1b..1e23640  master -> master
🚀 Changes committed and pushed.
autocommit.sh ran Wed Sep  3 15:15:02 PDT 2025
[master 8f55ce6] Auto Commit
 1 file changed, 6 insertions(+)
To https://github.com/mjh2901/mikehathaway.com.git
   1e23640..8f55ce6  master -> master
🚀 Changes committed and pushed.
autocommit.sh ran Wed Sep  3 15:30:01 PDT 2025
[master ff659f7] Auto Commit
 1 file changed, 6 insertions(+)
To https://github.com/mjh2901/mikehathaway.com.git
   8f55ce6..ff659f7  master -> master
🚀 Changes committed and pushed.
autocommit.sh ran Wed Sep  3 15:45:02 PDT 2025
[master c6fa7d2] Auto Commit
 1 file changed, 6 insertions(+)
To https://github.com/mjh2901/mikehathaway.com.git
   ff659f7..c6fa7d2  master -> master
🚀 Changes committed and pushed.
autocommit.sh ran Wed Sep  3 16:00:01 PDT 2025
[master 58d616f] Auto Commit
 1 file changed, 6 insertions(+)
To https://github.com/mjh2901/mikehathaway.com.git
   c6fa7d2..58d616f  master -> master
🚀 Changes committed and pushed.
autocommit.sh ran Wed Sep  3 16:15:02 PDT 2025
[master 2eee848] Auto Commit
 1 file changed, 6 insertions(+)
To https://github.com/mjh2901/mikehathaway.com.git
   58d616f..2eee848  master -> master
🚀 Changes committed and pushed.
autocommit.sh ran Wed Sep  3 16:30:01 PDT 2025
[master 74ab489] Auto Commit
 1 file changed, 6 insertions(+)
To https://github.com/mjh2901/mikehathaway.com.git
   2eee848..74ab489  master -> master
🚀 Changes committed and pushed.
autocommit.sh ran Wed Sep  3 16:45:01 PDT 2025
[master 0e6f502] Auto Commit
 1 file changed, 6 insertions(+)
To https://github.com/mjh2901/mikehathaway.com.git
   74ab489..0e6f502  master -> master
🚀 Changes committed and pushed.
autocommit.sh ran Wed Sep  3 17:00:06 PDT 2025
autocommit.sh ran Wed Sep  3 17:08:14 PDT 2025
[master 3236f0b] Auto Commit
 1 file changed, 1 insertion(+)
To https://github.com/mjh2901/mikehathaway.com.git
   986a43a..3236f0b  master -> master
🚀 Changes committed and pushed.
autocommit.sh ran Wed Sep  3 17:15:01 PDT 2025
[master 1a83b21] Auto Commit
 1 file changed, 6 insertions(+)
To https://github.com/mjh2901/mikehathaway.com.git
   3236f0b..1a83b21  master -> master
🚀 Changes committed and pushed.
autocommit.sh ran Wed Sep  3 17:30:02 PDT 2025
[master c61ea89] Auto Commit
 1 file changed, 6 insertions(+)
To https://github.com/mjh2901/mikehathaway.com.git
   1a83b21..c61ea89  master -> master
🚀 Changes committed and pushed.
autocommit.sh ran Wed Sep  3 17:45:02 PDT 2025
[master db14fe3] Auto Commit
 1 file changed, 6 insertions(+)
To https://github.com/mjh2901/mikehathaway.com.git
   c61ea89..db14fe3  master -> master
🚀 Changes committed and pushed.
autocommit.sh ran Wed Sep  3 18:00:02 PDT 2025
[master e2acdf1] Auto Commit
 1 file changed, 6 insertions(+)
To https://github.com/mjh2901/mikehathaway.com.git
   db14fe3..e2acdf1  master -> master
🚀 Changes committed and pushed.
autocommit.sh ran Wed Sep  3 18:15:01 PDT 2025
[master ab88e5c] Auto Commit
 1 file changed, 6 insertions(+)
To https://github.com/mjh2901/mikehathaway.com.git
   e2acdf1..ab88e5c  master -> master
🚀 Changes committed and pushed.
autocommit.sh ran Wed Sep  3 18:30:02 PDT 2025
[master 850ee3c] Auto Commit
 1 file changed, 6 insertions(+)
To https://github.com/mjh2901/mikehathaway.com.git
   ab88e5c..850ee3c  master -> master
🚀 Changes committed and pushed.
autocommit.sh ran Wed Sep  3 18:45:01 PDT 2025
[master cf12aa6] Auto Commit
 1 file changed, 6 insertions(+)
To https://github.com/mjh2901/mikehathaway.com.git
   850ee3c..cf12aa6  master -> master
🚀 Changes committed and pushed.
autocommit.sh ran Wed Sep  3 19:00:06 PDT 2025
[master cef14d6] Auto Commit
 1 file changed, 6 insertions(+)
To https://github.com/mjh2901/mikehathaway.com.git
   cf12aa6..cef14d6  master -> master
🚀 Changes committed and pushed.
autocommit.sh ran Wed Sep  3 19:15:02 PDT 2025
[master 8997d8e] Auto Commit
 1 file changed, 6 insertions(+)
To https://github.com/mjh2901/mikehathaway.com.git
   cef14d6..8997d8e  master -> master
🚀 Changes committed and pushed.
autocommit.sh ran Wed Sep  3 19:30:01 PDT 2025
[master aeffbfb] Auto Commit
 1 file changed, 6 insertions(+)
To https://github.com/mjh2901/mikehathaway.com.git
   8997d8e..aeffbfb  master -> master
🚀 Changes committed and pushed.
autocommit.sh ran Wed Sep  3 19:45:01 PDT 2025
[master 5ecee17] Auto Commit
 1 file changed, 6 insertions(+)
To https://github.com/mjh2901/mikehathaway.com.git
   aeffbfb..5ecee17  master -> master
🚀 Changes committed and pushed.
autocommit.sh ran Wed Sep  3 20:00:02 PDT 2025
[master 86cf1f7] Auto Commit
 1 file changed, 6 insertions(+)
To https://github.com/mjh2901/mikehathaway.com.git
   5ecee17..86cf1f7  master -> master
🚀 Changes committed and pushed.
autocommit.sh ran Wed Sep  3 20:15:01 PDT 2025
[master dee6947] Auto Commit
 1 file changed, 6 insertions(+)
To https://github.com/mjh2901/mikehathaway.com.git
   86cf1f7..dee6947  master -> master
🚀 Changes committed and pushed.
autocommit.sh ran Wed Sep  3 20:30:02 PDT 2025
[master 885e0ec] Auto Commit
 1 file changed, 6 insertions(+)
To https://github.com/mjh2901/mikehathaway.com.git
   dee6947..885e0ec  master -> master
🚀 Changes committed and pushed.
autocommit.sh ran Wed Sep  3 20:45:01 PDT 2025
[master d043c76] Auto Commit
 1 file changed, 6 insertions(+)
To https://github.com/mjh2901/mikehathaway.com.git
   885e0ec..d043c76  master -> master
🚀 Changes committed and pushed.
autocommit.sh ran Wed Sep  3 21:00:01 PDT 2025
[master 0909913] Auto Commit
 1 file changed, 6 insertions(+)
To https://github.com/mjh2901/mikehathaway.com.git
   d043c76..0909913  master -> master
🚀 Changes committed and pushed.
autocommit.sh ran Wed Sep  3 21:15:02 PDT 2025
[master dcaf614] Auto Commit
 1 file changed, 6 insertions(+)
To https://github.com/mjh2901/mikehathaway.com.git
   0909913..dcaf614  master -> master
🚀 Changes committed and pushed.
autocommit.sh ran Wed Sep  3 21:30:01 PDT 2025
[master 5fc1391] Auto Commit
 1 file changed, 6 insertions(+)
To https://github.com/mjh2901/mikehathaway.com.git
   dcaf614..5fc1391  master -> master
🚀 Changes committed and pushed.
autocommit.sh ran Wed Sep  3 21:45:02 PDT 2025
[master 98d67eb] Auto Commit
 1 file changed, 6 insertions(+)
To https://github.com/mjh2901/mikehathaway.com.git
   5fc1391..98d67eb  master -> master
🚀 Changes committed and pushed.
autocommit.sh ran Wed Sep  3 22:00:01 PDT 2025
[master 9e3770a] Auto Commit
 1 file changed, 6 insertions(+)
To https://github.com/mjh2901/mikehathaway.com.git
   98d67eb..9e3770a  master -> master
🚀 Changes committed and pushed.
autocommit.sh ran Wed Sep  3 22:15:02 PDT 2025
[master a00775c] Auto Commit
 1 file changed, 6 insertions(+)
To https://github.com/mjh2901/mikehathaway.com.git
   9e3770a..a00775c  master -> master
🚀 Changes committed and pushed.
autocommit.sh ran Wed Sep  3 22:30:01 PDT 2025
[master f83ca3c] Auto Commit
 1 file changed, 6 insertions(+)
To https://github.com/mjh2901/mikehathaway.com.git
   a00775c..f83ca3c  master -> master
🚀 Changes committed and pushed.
autocommit.sh ran Wed Sep  3 22:45:02 PDT 2025
[master e93f9cd] Auto Commit
 1 file changed, 6 insertions(+)
To https://github.com/mjh2901/mikehathaway.com.git
   f83ca3c..e93f9cd  master -> master
🚀 Changes committed and pushed.
autocommit.sh ran Wed Sep  3 23:00:02 PDT 2025
[master 30251c0] Auto Commit
 1 file changed, 6 insertions(+)
To https://github.com/mjh2901/mikehathaway.com.git
   e93f9cd..30251c0  master -> master
🚀 Changes committed and pushed.
autocommit.sh ran Wed Sep  3 23:15:02 PDT 2025
[master a0f0788] Auto Commit
 1 file changed, 6 insertions(+)
To https://github.com/mjh2901/mikehathaway.com.git
   30251c0..a0f0788  master -> master
🚀 Changes committed and pushed.
autocommit.sh ran Wed Sep  3 23:30:01 PDT 2025
[master 1eb0313] Auto Commit
 1 file changed, 6 insertions(+)
To https://github.com/mjh2901/mikehathaway.com.git
   a0f0788..1eb0313  master -> master
🚀 Changes committed and pushed.
autocommit.sh ran Wed Sep  3 23:45:01 PDT 2025
[master 0440297] Auto Commit
 1 file changed, 6 insertions(+)
To https://github.com/mjh2901/mikehathaway.com.git
   1eb0313..0440297  master -> master
🚀 Changes committed and pushed.
autocommit.sh ran Thu Sep  4 00:00:02 PDT 2025
[master b51ba43] Auto Commit
 1 file changed, 6 insertions(+)
To https://github.com/mjh2901/mikehathaway.com.git
   0440297..b51ba43  master -> master
🚀 Changes committed and pushed.
autocommit.sh ran Thu Sep  4 00:15:01 PDT 2025
[master bae24e9] Auto Commit
 1 file changed, 6 insertions(+)
To https://github.com/mjh2901/mikehathaway.com.git
   b51ba43..bae24e9  master -> master
🚀 Changes committed and pushed.
autocommit.sh ran Thu Sep  4 00:30:02 PDT 2025
[master eb51e77] Auto Commit
 1 file changed, 6 insertions(+)
To https://github.com/mjh2901/mikehathaway.com.git
   bae24e9..eb51e77  master -> master
🚀 Changes committed and pushed.
autocommit.sh ran Thu Sep  4 00:45:02 PDT 2025
[master d982fe5] Auto Commit
 1 file changed, 6 insertions(+)
To https://github.com/mjh2901/mikehathaway.com.git
   eb51e77..d982fe5  master -> master
🚀 Changes committed and pushed.
autocommit.sh ran Thu Sep  4 01:00:03 PDT 2025
[master 3d57411] Auto Commit
 1 file changed, 6 insertions(+)
To https://github.com/mjh2901/mikehathaway.com.git
   d982fe5..3d57411  master -> master
🚀 Changes committed and pushed.
autocommit.sh ran Thu Sep  4 01:15:01 PDT 2025
[master e57a9c1] Auto Commit
 1 file changed, 6 insertions(+)
To https://github.com/mjh2901/mikehathaway.com.git
   3d57411..e57a9c1  master -> master
🚀 Changes committed and pushed.
autocommit.sh ran Thu Sep  4 01:30:02 PDT 2025
[master c622f5c] Auto Commit
 1 file changed, 6 insertions(+)
To https://github.com/mjh2901/mikehathaway.com.git
   e57a9c1..c622f5c  master -> master
🚀 Changes committed and pushed.
autocommit.sh ran Thu Sep  4 01:45:01 PDT 2025
[master ba55d5e] Auto Commit
 1 file changed, 6 insertions(+)
To https://github.com/mjh2901/mikehathaway.com.git
   c622f5c..ba55d5e  master -> master
🚀 Changes committed and pushed.
autocommit.sh ran Thu Sep  4 02:00:04 PDT 2025
[master 2aaf245] Auto Commit
 1 file changed, 6 insertions(+)
To https://github.com/mjh2901/mikehathaway.com.git
   ba55d5e..2aaf245  master -> master
🚀 Changes committed and pushed.
autocommit.sh ran Thu Sep  4 02:15:01 PDT 2025
[master 2ae2f5f] Auto Commit
 1 file changed, 6 insertions(+)
To https://github.com/mjh2901/mikehathaway.com.git
   2aaf245..2ae2f5f  master -> master
🚀 Changes committed and pushed.
autocommit.sh ran Thu Sep  4 02:30:02 PDT 2025
[master 5b2c390] Auto Commit
 1 file changed, 6 insertions(+)
To https://github.com/mjh2901/mikehathaway.com.git
   2ae2f5f..5b2c390  master -> master
🚀 Changes committed and pushed.
autocommit.sh ran Thu Sep  4 02:45:02 PDT 2025
[master 27b89a9] Auto Commit
 1 file changed, 6 insertions(+)
To https://github.com/mjh2901/mikehathaway.com.git
   5b2c390..27b89a9  master -> master
🚀 Changes committed and pushed.
autocommit.sh ran Thu Sep  4 03:00:07 PDT 2025
[master d6c15eb] Auto Commit
 1 file changed, 6 insertions(+)
To https://github.com/mjh2901/mikehathaway.com.git
   27b89a9..d6c15eb  master -> master
🚀 Changes committed and pushed.
autocommit.sh ran Thu Sep  4 03:15:01 PDT 2025
[master 637b0c6] Auto Commit
 1 file changed, 6 insertions(+)
To https://github.com/mjh2901/mikehathaway.com.git
   d6c15eb..637b0c6  master -> master
🚀 Changes committed and pushed.
autocommit.sh ran Thu Sep  4 03:30:02 PDT 2025
[master 489a939] Auto Commit
 1 file changed, 6 insertions(+)
To https://github.com/mjh2901/mikehathaway.com.git
   637b0c6..489a939  master -> master
🚀 Changes committed and pushed.
autocommit.sh ran Thu Sep  4 03:45:01 PDT 2025
[master c916623] Auto Commit
 1 file changed, 6 insertions(+)
To https://github.com/mjh2901/mikehathaway.com.git
   489a939..c916623  master -> master
🚀 Changes committed and pushed.
autocommit.sh ran Thu Sep  4 04:00:02 PDT 2025
[master c9d57a3] Auto Commit
 1 file changed, 6 insertions(+)
To https://github.com/mjh2901/mikehathaway.com.git
   c916623..c9d57a3  master -> master
🚀 Changes committed and pushed.
autocommit.sh ran Thu Sep  4 04:15:01 PDT 2025
[master 3cfadbe] Auto Commit
 1 file changed, 6 insertions(+)
To https://github.com/mjh2901/mikehathaway.com.git
   c9d57a3..3cfadbe  master -> master
🚀 Changes committed and pushed.
autocommit.sh ran Thu Sep  4 04:30:02 PDT 2025
[master 6d15a0a] Auto Commit
 1 file changed, 6 insertions(+)
To https://github.com/mjh2901/mikehathaway.com.git
   3cfadbe..6d15a0a  master -> master
🚀 Changes committed and pushed.
autocommit.sh ran Thu Sep  4 04:45:01 PDT 2025
[master 4bf0b4e] Auto Commit
 1 file changed, 6 insertions(+)
To https://github.com/mjh2901/mikehathaway.com.git
   6d15a0a..4bf0b4e  master -> master
🚀 Changes committed and pushed.
autocommit.sh ran Thu Sep  4 05:00:05 PDT 2025
[master cef68bd] Auto Commit
 1 file changed, 6 insertions(+)
To https://github.com/mjh2901/mikehathaway.com.git
   4bf0b4e..cef68bd  master -> master
🚀 Changes committed and pushed.
autocommit.sh ran Thu Sep  4 05:15:01 PDT 2025
[master edae994] Auto Commit
 1 file changed, 6 insertions(+)
To https://github.com/mjh2901/mikehathaway.com.git
   cef68bd..edae994  master -> master
🚀 Changes committed and pushed.
autocommit.sh ran Thu Sep  4 05:30:02 PDT 2025
[master 577154a] Auto Commit
 1 file changed, 6 insertions(+)
To https://github.com/mjh2901/mikehathaway.com.git
   edae994..577154a  master -> master
🚀 Changes committed and pushed.
autocommit.sh ran Thu Sep  4 05:45:01 PDT 2025
[master 4669e8d] Auto Commit
 1 file changed, 6 insertions(+)
To https://github.com/mjh2901/mikehathaway.com.git
   577154a..4669e8d  master -> master
🚀 Changes committed and pushed.
autocommit.sh ran Thu Sep  4 06:00:01 PDT 2025
[master 7a132d1] Auto Commit
 1 file changed, 6 insertions(+)
To https://github.com/mjh2901/mikehathaway.com.git
   4669e8d..7a132d1  master -> master
🚀 Changes committed and pushed.
autocommit.sh ran Thu Sep  4 06:15:02 PDT 2025
[master 2ea8943] Auto Commit
 1 file changed, 6 insertions(+)
To https://github.com/mjh2901/mikehathaway.com.git
   7a132d1..2ea8943  master -> master
🚀 Changes committed and pushed.
autocommit.sh ran Thu Sep  4 06:30:01 PDT 2025
[master 9874de5] Auto Commit
 1 file changed, 6 insertions(+)
To https://github.com/mjh2901/mikehathaway.com.git
   2ea8943..9874de5  master -> master
🚀 Changes committed and pushed.
autocommit.sh ran Thu Sep  4 06:45:02 PDT 2025
[master a3087ed] Auto Commit
 1 file changed, 6 insertions(+)
To https://github.com/mjh2901/mikehathaway.com.git
   9874de5..a3087ed  master -> master
🚀 Changes committed and pushed.
autocommit.sh ran Thu Sep  4 07:00:05 PDT 2025
[master 89f6eca] Auto Commit
 1 file changed, 6 insertions(+)
To https://github.com/mjh2901/mikehathaway.com.git
   a3087ed..89f6eca  master -> master
🚀 Changes committed and pushed.
autocommit.sh ran Thu Sep  4 07:15:02 PDT 2025
[master c88c59a] Auto Commit
 1 file changed, 6 insertions(+)
To https://github.com/mjh2901/mikehathaway.com.git
   89f6eca..c88c59a  master -> master
🚀 Changes committed and pushed.
autocommit.sh ran Thu Sep  4 07:30:02 PDT 2025
[master 7e986f1] Auto Commit
 1 file changed, 6 insertions(+)
To https://github.com/mjh2901/mikehathaway.com.git
   c88c59a..7e986f1  master -> master
🚀 Changes committed and pushed.
autocommit.sh ran Thu Sep  4 07:45:01 PDT 2025
[master b111d6d] Auto Commit
 1 file changed, 6 insertions(+)
To https://github.com/mjh2901/mikehathaway.com.git
   7e986f1..b111d6d  master -> master
🚀 Changes committed and pushed.
autocommit.sh ran Thu Sep  4 08:00:01 PDT 2025
[master f219ccc] Auto Commit
 1 file changed, 6 insertions(+)
To https://github.com/mjh2901/mikehathaway.com.git
   b111d6d..f219ccc  master -> master
🚀 Changes committed and pushed.
autocommit.sh ran Thu Sep  4 08:15:02 PDT 2025
[master e73dcfb] Auto Commit
 1 file changed, 6 insertions(+)
To https://github.com/mjh2901/mikehathaway.com.git
   f219ccc..e73dcfb  master -> master
🚀 Changes committed and pushed.
autocommit.sh ran Thu Sep  4 08:30:01 PDT 2025
[master 92fffe6] Auto Commit
 1 file changed, 6 insertions(+)
To https://github.com/mjh2901/mikehathaway.com.git
   e73dcfb..92fffe6  master -> master
🚀 Changes committed and pushed.
autocommit.sh ran Thu Sep  4 08:45:01 PDT 2025
[master 466e26c] Auto Commit
 1 file changed, 6 insertions(+)
To https://github.com/mjh2901/mikehathaway.com.git
   92fffe6..466e26c  master -> master
🚀 Changes committed and pushed.
autocommit.sh ran Thu Sep  4 09:00:04 PDT 2025
[master 768bb51] Auto Commit
 1 file changed, 6 insertions(+)
To https://github.com/mjh2901/mikehathaway.com.git
   466e26c..768bb51  master -> master
🚀 Changes committed and pushed.
autocommit.sh ran Thu Sep  4 09:15:01 PDT 2025
[master cfc2f00] Auto Commit
 1 file changed, 6 insertions(+)
To https://github.com/mjh2901/mikehathaway.com.git
   768bb51..cfc2f00  master -> master
🚀 Changes committed and pushed.
autocommit.sh ran Thu Sep  4 09:30:02 PDT 2025
[master b0a223a] Auto Commit
 1 file changed, 6 insertions(+)
To https://github.com/mjh2901/mikehathaway.com.git
   cfc2f00..b0a223a  master -> master
🚀 Changes committed and pushed.
autocommit.sh ran Thu Sep  4 09:45:01 PDT 2025
[master 8bcbb9d] Auto Commit
 3 files changed, 16 insertions(+), 2 deletions(-)
 create mode 100644 assets/img/header/header_matterhorn.png
To https://github.com/mjh2901/mikehathaway.com.git
   b0a223a..8bcbb9d  master -> master
🚀 Changes committed and pushed.
autocommit.sh ran Thu Sep  4 10:00:04 PDT 2025
[master ab7d3bf] Auto Commit
 3 files changed, 24 insertions(+), 11 deletions(-)
To https://github.com/mjh2901/mikehathaway.com.git
   8bcbb9d..ab7d3bf  master -> master
🚀 Changes committed and pushed.
autocommit.sh ran Thu Sep  4 10:15:02 PDT 2025
[master 02347a2] Auto Commit
 1 file changed, 6 insertions(+)
To https://github.com/mjh2901/mikehathaway.com.git
 ! [rejected]        master -> master (non-fast-forward)
error: failed to push some refs to 'https://github.com/mjh2901/mikehathaway.com.git'
hint: Updates were rejected because the tip of your current branch is behind
hint: its remote counterpart. Integrate the remote changes (e.g.
hint: 'git pull ...') before pushing again.
hint: See the 'Note about fast-forwards' in 'git push --help' for details.
[master 4dcdf6c] Auto Commit
 1 file changed, 9 insertions(+)
To https://github.com/mjh2901/mikehathaway.com.git
 ! [rejected]        master -> master (non-fast-forward)
error: failed to push some refs to 'https://github.com/mjh2901/mikehathaway.com.git'
hint: Updates were rejected because the tip of your current branch is behind
hint: its remote counterpart. Integrate the remote changes (e.g.
hint: 'git pull ...') before pushing again.
hint: See the 'Note about fast-forwards' in 'git push --help' for details.
[master 074b6e9] Auto Commit
 1 file changed, 9 insertions(+)
To https://github.com/mjh2901/mikehathaway.com.git
 ! [rejected]        master -> master (non-fast-forward)
error: failed to push some refs to 'https://github.com/mjh2901/mikehathaway.com.git'
hint: Updates were rejected because the tip of your current branch is behind
hint: its remote counterpart. Integrate the remote changes (e.g.
hint: 'git pull ...') before pushing again.
hint: See the 'Note about fast-forwards' in 'git push --help' for details.
[master 9fa840f] Auto Commit
 1 file changed, 9 insertions(+)
To https://github.com/mjh2901/mikehathaway.com.git
 ! [rejected]        master -> master (non-fast-forward)
error: failed to push some refs to 'https://github.com/mjh2901/mikehathaway.com.git'
hint: Updates were rejected because the tip of your current branch is behind
hint: its remote counterpart. Integrate the remote changes (e.g.
hint: 'git pull ...') before pushing again.
hint: See the 'Note about fast-forwards' in 'git push --help' for details.
[master 417ea16] Auto Commit
 1 file changed, 9 insertions(+)
To https://github.com/mjh2901/mikehathaway.com.git
 ! [rejected]        master -> master (non-fast-forward)
error: failed to push some refs to 'https://github.com/mjh2901/mikehathaway.com.git'
hint: Updates were rejected because the tip of your current branch is behind
hint: its remote counterpart. Integrate the remote changes (e.g.
hint: 'git pull ...') before pushing again.
hint: See the 'Note about fast-forwards' in 'git push --help' for details.
[master 7fb5ebe] Auto Commit
 1 file changed, 9 insertions(+)
To https://github.com/mjh2901/mikehathaway.com.git
 ! [rejected]        master -> master (non-fast-forward)
error: failed to push some refs to 'https://github.com/mjh2901/mikehathaway.com.git'
hint: Updates were rejected because the tip of your current branch is behind
hint: its remote counterpart. Integrate the remote changes (e.g.
hint: 'git pull ...') before pushing again.
hint: See the 'Note about fast-forwards' in 'git push --help' for details.
[master 2562c90] Auto Commit
 1 file changed, 9 insertions(+)
To https://github.com/mjh2901/mikehathaway.com.git
 ! [rejected]        master -> master (non-fast-forward)
error: failed to push some refs to 'https://github.com/mjh2901/mikehathaway.com.git'
hint: Updates were rejected because the tip of your current branch is behind
hint: its remote counterpart. Integrate the remote changes (e.g.
hint: 'git pull ...') before pushing again.
hint: See the 'Note about fast-forwards' in 'git push --help' for details.
[master 8418601] Auto Commit
 1 file changed, 9 insertions(+)
To https://github.com/mjh2901/mikehathaway.com.git
 ! [rejected]        master -> master (non-fast-forward)
error: failed to push some refs to 'https://github.com/mjh2901/mikehathaway.com.git'
hint: Updates were rejected because the tip of your current branch is behind
hint: its remote counterpart. Integrate the remote changes (e.g.
hint: 'git pull ...') before pushing again.
hint: See the 'Note about fast-forwards' in 'git push --help' for details.
[master 70ac350] Auto Commit
 1 file changed, 9 insertions(+)
To https://github.com/mjh2901/mikehathaway.com.git
 ! [rejected]        master -> master (non-fast-forward)
error: failed to push some refs to 'https://github.com/mjh2901/mikehathaway.com.git'
hint: Updates were rejected because the tip of your current branch is behind
hint: its remote counterpart. Integrate the remote changes (e.g.
hint: 'git pull ...') before pushing again.
hint: See the 'Note about fast-forwards' in 'git push --help' for details.
[master d08314b] Auto Commit
 1 file changed, 9 insertions(+)
To https://github.com/mjh2901/mikehathaway.com.git
 ! [rejected]        master -> master (non-fast-forward)
error: failed to push some refs to 'https://github.com/mjh2901/mikehathaway.com.git'
hint: Updates were rejected because the tip of your current branch is behind
hint: its remote counterpart. Integrate the remote changes (e.g.
hint: 'git pull ...') before pushing again.
hint: See the 'Note about fast-forwards' in 'git push --help' for details.
[master cbdb189] Auto Commit
 1 file changed, 9 insertions(+)
To https://github.com/mjh2901/mikehathaway.com.git
 ! [rejected]        master -> master (non-fast-forward)
error: failed to push some refs to 'https://github.com/mjh2901/mikehathaway.com.git'
hint: Updates were rejected because the tip of your current branch is behind
hint: its remote counterpart. Integrate the remote changes (e.g.
hint: 'git pull ...') before pushing again.
hint: See the 'Note about fast-forwards' in 'git push --help' for details.
[master 5991de0] Auto Commit
 1 file changed, 9 insertions(+)
To https://github.com/mjh2901/mikehathaway.com.git
 ! [rejected]        master -> master (non-fast-forward)
error: failed to push some refs to 'https://github.com/mjh2901/mikehathaway.com.git'
hint: Updates were rejected because the tip of your current branch is behind
hint: its remote counterpart. Integrate the remote changes (e.g.
hint: 'git pull ...') before pushing again.
hint: See the 'Note about fast-forwards' in 'git push --help' for details.
[master f88c433] Auto Commit
 1 file changed, 9 insertions(+)
To https://github.com/mjh2901/mikehathaway.com.git
 ! [rejected]        master -> master (non-fast-forward)
error: failed to push some refs to 'https://github.com/mjh2901/mikehathaway.com.git'
hint: Updates were rejected because the tip of your current branch is behind
hint: its remote counterpart. Integrate the remote changes (e.g.
hint: 'git pull ...') before pushing again.
hint: See the 'Note about fast-forwards' in 'git push --help' for details.
[master 039cff6] Auto Commit
 1 file changed, 9 insertions(+)
To https://github.com/mjh2901/mikehathaway.com.git
 ! [rejected]        master -> master (non-fast-forward)
error: failed to push some refs to 'https://github.com/mjh2901/mikehathaway.com.git'
hint: Updates were rejected because the tip of your current branch is behind
hint: its remote counterpart. Integrate the remote changes (e.g.
hint: 'git pull ...') before pushing again.
hint: See the 'Note about fast-forwards' in 'git push --help' for details.
[master 9058bc9] Auto Commit
 1 file changed, 9 insertions(+)
To https://github.com/mjh2901/mikehathaway.com.git
 ! [rejected]        master -> master (non-fast-forward)
error: failed to push some refs to 'https://github.com/mjh2901/mikehathaway.com.git'
hint: Updates were rejected because the tip of your current branch is behind
hint: its remote counterpart. Integrate the remote changes (e.g.
hint: 'git pull ...') before pushing again.
hint: See the 'Note about fast-forwards' in 'git push --help' for details.
[master 8a882ce] Auto Commit
 1 file changed, 9 insertions(+)
To https://github.com/mjh2901/mikehathaway.com.git
 ! [rejected]        master -> master (non-fast-forward)
error: failed to push some refs to 'https://github.com/mjh2901/mikehathaway.com.git'
hint: Updates were rejected because the tip of your current branch is behind
hint: its remote counterpart. Integrate the remote changes (e.g.
hint: 'git pull ...') before pushing again.
hint: See the 'Note about fast-forwards' in 'git push --help' for details.
[master 944b4e7] Auto Commit
 1 file changed, 9 insertions(+)
To https://github.com/mjh2901/mikehathaway.com.git
 ! [rejected]        master -> master (non-fast-forward)
error: failed to push some refs to 'https://github.com/mjh2901/mikehathaway.com.git'
hint: Updates were rejected because the tip of your current branch is behind
hint: its remote counterpart. Integrate the remote changes (e.g.
hint: 'git pull ...') before pushing again.
hint: See the 'Note about fast-forwards' in 'git push --help' for details.
[master a14bb8a] Auto Commit
 1 file changed, 9 insertions(+)
To https://github.com/mjh2901/mikehathaway.com.git
 ! [rejected]        master -> master (non-fast-forward)
error: failed to push some refs to 'https://github.com/mjh2901/mikehathaway.com.git'
hint: Updates were rejected because the tip of your current branch is behind
hint: its remote counterpart. Integrate the remote changes (e.g.
hint: 'git pull ...') before pushing again.
hint: See the 'Note about fast-forwards' in 'git push --help' for details.
[master 882a535] Auto Commit
 1 file changed, 9 insertions(+)
To https://github.com/mjh2901/mikehathaway.com.git
 ! [rejected]        master -> master (non-fast-forward)
error: failed to push some refs to 'https://github.com/mjh2901/mikehathaway.com.git'
hint: Updates were rejected because the tip of your current branch is behind
hint: its remote counterpart. Integrate the remote changes (e.g.
hint: 'git pull ...') before pushing again.
hint: See the 'Note about fast-forwards' in 'git push --help' for details.
[master abe9a60] Auto Commit
 1 file changed, 9 insertions(+)
To https://github.com/mjh2901/mikehathaway.com.git
 ! [rejected]        master -> master (non-fast-forward)
error: failed to push some refs to 'https://github.com/mjh2901/mikehathaway.com.git'
hint: Updates were rejected because the tip of your current branch is behind
hint: its remote counterpart. Integrate the remote changes (e.g.
hint: 'git pull ...') before pushing again.
hint: See the 'Note about fast-forwards' in 'git push --help' for details.
[master a965625] Auto Commit
 1 file changed, 9 insertions(+)
To https://github.com/mjh2901/mikehathaway.com.git
 ! [rejected]        master -> master (non-fast-forward)
error: failed to push some refs to 'https://github.com/mjh2901/mikehathaway.com.git'
hint: Updates were rejected because the tip of your current branch is behind
hint: its remote counterpart. Integrate the remote changes (e.g.
hint: 'git pull ...') before pushing again.
hint: See the 'Note about fast-forwards' in 'git push --help' for details.
